This is TeX, Version 3.141592653 (TeX Live 2021/W32TeX) (preloaded format=tex 2021.11.29)  14 DEC 2021 14:32
**C:/Users/dvanv/AppData/Local/Temp/RtmpeMTZOc/chunk-code-6e944c171061.txt
(c:/Users/dvanv/AppData/Local/Temp/RtmpeMTZOc/chunk-code-6e944c171061.txt
! Missing $ inserted.
<inserted text> 
                $
<to be read again> 
                   \beta 
l.1 y = \beta
             _0 +\beta_1x_1 + \beta_2x_2+...+\beta_nx_n + \epsilon
? 
! Emergency stop.
<inserted text> 
                $
<to be read again> 
                   \beta 
l.1 y = \beta
             _0 +\beta_1x_1 + \beta_2x_2+...+\beta_nx_n + \epsilon
End of file on the terminal!

No pages of output.
